<?xml version="1.0" encoding="UTF-8"?>
<testsuites name="Mocha Tests" time="10.145" tests="20" failures="6" skipped="1">
  <testsuite name="Root Suite" timestamp="2025-12-20T15:49:35" tests="0" time="0.000" failures="0">
  </testsuite>
  <testsuite name="Cache invalidation contract tests" timestamp="2025-12-20T15:49:35" tests="1" file="/workspaces/overleaf_dev/workspace/git-bridge/overleaf_with_admin_extension/services/web/test/contract/src/CacheInvalidationContractTest.mjs" time="0.607" failures="0">
    <testcase name="Cache invalidation contract tests is protected and requires private auth" time="0.594" classname="is protected and requires private auth">
    </testcase>
  </testsuite>
  <testsuite name="HashPrefix format contract test" timestamp="2025-12-20T15:49:36" tests="1" file="/workspaces/overleaf_dev/workspace/git-bridge/overleaf_with_admin_extension/services/web/test/contract/src/HashPrefixFormatContractTest.mjs" time="0.569" failures="0">
    <testcase name="HashPrefix format contract test returns 8-character lowercase hex `hashPrefix` in token list" time="0.569" classname="returns 8-character lowercase hex `hashPrefix` in token list">
    </testcase>
  </testsuite>
  <testsuite name="Auth log schema validation" timestamp="2025-12-20T15:49:36" tests="1" file="/workspaces/overleaf_dev/workspace/git-bridge/overleaf_with_admin_extension/services/web/test/contract/src/LogSchemaValidationTests.mjs" time="0.016" failures="0">
    <testcase name="Auth log schema validation should validate sample token.introspect log against schema" time="0.016" classname="should validate sample token.introspect log against schema">
    </testcase>
  </testsuite>
  <testsuite name="Logging retention &amp; PII masking (contract test scaffold)" timestamp="2025-12-20T15:49:36" tests="2" file="/workspaces/overleaf_dev/workspace/git-bridge/overleaf_with_admin_extension/services/web/test/contract/src/LoggingRetentionPIITests.mjs" time="0.602" failures="0">
    <testcase name="Logging retention &amp; PII masking (contract test scaffold) logs token introspect events with hashPrefix only" time="0.602" classname="logs token introspect events with hashPrefix only">
    </testcase>
    <testcase name="Logging retention &amp; PII masking (contract test scaffold) verifies audit log retention policy is configured (environment-specific check)" time="0.000" classname="verifies audit log retention policy is configured (environment-specific check)">
    </testcase>
  </testsuite>
  <testsuite name="Malformed SSH public_key validation (contract test)" timestamp="2025-12-20T15:49:37" tests="1" file="/workspaces/overleaf_dev/workspace/git-bridge/overleaf_with_admin_extension/services/web/test/contract/src/MalformedKeyTests.mjs" time="0.505" failures="0">
    <testcase name="Malformed SSH public_key validation (contract test) returns 400 for malformed public_key format" time="0.505" classname="returns 400 for malformed public_key format">
    </testcase>
  </testsuite>
  <testsuite name="Manual repro SSH key" timestamp="2025-12-20T15:49:38" tests="2" file="/workspaces/overleaf_dev/workspace/git-bridge/overleaf_with_admin_extension/services/web/test/contract/src/ManualReproSSH.mjs" time="0.827" failures="0">
    <testcase name="Manual repro SSH key posts ssh key and logs response" time="0.340" classname="posts ssh key and logs response">
    </testcase>
    <testcase name="Manual repro SSH key creates user with known password then logs in and posts ssh key" time="0.487" classname="creates user with known password then logs in and posts ssh key">
    </testcase>
  </testsuite>
  <testsuite name="Membership API contract tests" timestamp="2025-12-20T15:49:38" tests="1" file="/workspaces/overleaf_dev/workspace/git-bridge/overleaf_with_admin_extension/services/web/test/contract/src/MembershipContractTest.mjs" time="1.157" failures="0">
    <testcase name="Membership API contract tests returns 200 for member and 404 for non-member" time="1.156" classname="returns 200 for member and 404 for non-member">
    </testcase>
  </testsuite>
  <testsuite name="Retention Config Contract" timestamp="2025-12-20T15:49:40" tests="1" file="/workspaces/overleaf_dev/workspace/git-bridge/overleaf_with_admin_extension/services/web/test/contract/src/RetentionConfigContractTest.mjs" time="0.000" failures="0">
  </testsuite>
  <testsuite name="SSH Key CRUD contract tests" timestamp="2025-12-20T15:49:40" tests="1" file="/workspaces/overleaf_dev/workspace/git-bridge/overleaf_with_admin_extension/services/web/test/contract/src/SSHKeyCRUDContractTest.mjs" time="0.595" failures="0">
    <testcase name="SSH Key CRUD contract tests create/list/delete SSH keys as logged-in user" time="0.595" classname="create/list/delete SSH keys as logged-in user">
    </testcase>
  </testsuite>
  <testsuite name="SSH Key Idempotency / concurrency contract tests" timestamp="2025-12-20T15:49:40" tests="1" file="/workspaces/overleaf_dev/workspace/git-bridge/overleaf_with_admin_extension/services/web/test/contract/src/SSHKeyIdempotencyContractTest.mjs" time="0.514" failures="1">
    <testcase name="SSH Key Idempotency / concurrency contract tests concurrent POSTs with same public_key should be deterministic and not create duplicates" time="0.513" classname="concurrent POSTs with same public_key should be deterministic and not create duplicates">
      <failure message="expected 2 to equal 1" type="AssertionError"><![CDATA[AssertionError: expected 2 to equal 1
    at Context.<anonymous> (file:///workspaces/overleaf_dev/workspace/git-bridge/overleaf_with_admin_extension/services/web/test/contract/src/SSHKeyIdempotencyContractTest.mjs:33:31)
    at process.processTicksAndRejections (node:internal/process/task_queues:103:5)

      + expected - actual

      -2
      +1
      ]]></failure>
    </testcase>
  </testsuite>
  <testsuite name="SSH fingerprint lookup contract tests" timestamp="2025-12-20T15:49:41" tests="2" file="/workspaces/overleaf_dev/workspace/git-bridge/overleaf_with_admin_extension/services/web/test/contract/src/SSHKeyLookupContractTest.mjs" time="3.370" failures="1">
    <testcase name="SSH fingerprint lookup contract tests returns userId for a known fingerprint" time="0.510" classname="returns userId for a known fingerprint">
    </testcase>
    <testcase name="SSH fingerprint lookup contract tests returns 400 for malformed fingerprint format" time="2.860" classname="returns 400 for malformed fingerprint format">
      <failure message="login failed: status=429 body=&quot;Rate limit reached, please try again later&quot;" type="Error"><![CDATA[Error: login failed: status=429 body="Rate limit reached, please try again later"
    at UserHelper.loginUser (file:///workspaces/overleaf_dev/workspace/git-bridge/overleaf_with_admin_extension/services/web/test/acceptance/src/helpers/UserHelper.mjs:470:21)
    at process.processTicksAndRejections (node:internal/process/task_queues:103:5)
    at async UserHelper.login (file:///workspaces/overleaf_dev/workspace/git-bridge/overleaf_with_admin_extension/services/web/test/acceptance/src/helpers/UserHelper.mjs:553:20)
    at async Context.<anonymous> (file:///workspaces/overleaf_dev/workspace/git-bridge/overleaf_with_admin_extension/services/web/test/contract/src/SSHKeyLookupContractTest.mjs:46:5)]]></failure>
    </testcase>
  </testsuite>
  <testsuite name="Service-Origin Rate Limits (contract test scaffold)" timestamp="2025-12-20T15:49:44" tests="3" file="/workspaces/overleaf_dev/workspace/git-bridge/overleaf_with_admin_extension/services/web/test/contract/src/ServiceOriginRateLimitTests.mjs" time="0.431" failures="1">
    <testcase name="Service-Origin Rate Limits (contract test scaffold) should enforce 60 req/min per service-origin for introspection" time="0.058" classname="should enforce 60 req/min per service-origin for introspection">
    </testcase>
    <testcase name="Service-Origin Rate Limits (contract test scaffold) should enforce 60 req/min per service-origin for listing" time="0.318" classname="should enforce 60 req/min per service-origin for listing">
      <failure message="login failed: status=429 body=&quot;Rate limit reached, please try again later&quot;" type="OError"><![CDATA[OError: login failed: status=429 body="Rate limit reached, please try again later"
    at file:///workspaces/overleaf_dev/workspace/git-bridge/overleaf_with_admin_extension/services/web/test/acceptance/src/helpers/User.mjs:436:19]]></failure>
    </testcase>
    <testcase name="Service-Origin Rate Limits (contract test scaffold) should enforce 60 req/min per service-origin for fingerprint lookup" time="0.055" classname="should enforce 60 req/min per service-origin for fingerprint lookup">
    </testcase>
  </testsuite>
  <testsuite name="Token introspection contract tests" timestamp="2025-12-20T15:49:44" tests="3" file="/workspaces/overleaf_dev/workspace/git-bridge/overleaf_with_admin_extension/services/web/test/contract/src/TokenIntrospectContractTest.mjs" time="0.948" failures="3">
    <testcase name="Token introspection contract tests introspects a valid token and returns shape" time="0.319" classname="introspects a valid token and returns shape">
      <failure message="login failed: status=429 body=&quot;Rate limit reached, please try again later&quot;" type="OError"><![CDATA[OError: login failed: status=429 body="Rate limit reached, please try again later"
    at file:///workspaces/overleaf_dev/workspace/git-bridge/overleaf_with_admin_extension/services/web/test/acceptance/src/helpers/User.mjs:436:19]]></failure>
    </testcase>
    <testcase name="Token introspection contract tests returns inactive for revoked token" time="0.315" classname="returns inactive for revoked token">
      <failure message="login failed: status=429 body=&quot;Rate limit reached, please try again later&quot;" type="OError"><![CDATA[OError: login failed: status=429 body="Rate limit reached, please try again later"
    at file:///workspaces/overleaf_dev/workspace/git-bridge/overleaf_with_admin_extension/services/web/test/acceptance/src/helpers/User.mjs:436:19]]></failure>
    </testcase>
    <testcase name="Token introspection contract tests allows service-origin basic auth introspection" time="0.314" classname="allows service-origin basic auth introspection">
      <failure message="login failed: status=429 body=&quot;Rate limit reached, please try again later&quot;" type="OError"><![CDATA[OError: login failed: status=429 body="Rate limit reached, please try again later"
    at file:///workspaces/overleaf_dev/workspace/git-bridge/overleaf_with_admin_extension/services/web/test/acceptance/src/helpers/User.mjs:436:19]]></failure>
    </testcase>
  </testsuite>
</testsuites>